<?xml version="1.0" encoding="UTF-8"?>
<!-- Generated by org.testng.reporters.JUnitReportReporter -->
<testsuite hostname="DESKTOP-DSTB9TI" failures="0" tests="2" name="restfulApiDemo.DefaultValue1" time="2.751" errors="0" timestamp="2021-10-17T22:29:25 MDT" skipped="0">
  <testcase classname="restfulApiDemo.DefaultValue1" name="createBooking1" time="2.139"/>
  <system-out/>
  <testcase classname="restfulApiDemo.DefaultValue1" name="createBooking2" time="0.612"/>
  <system-out/>
</testsuite> <!-- restfulApiDemo.DefaultValue1 -->
