<?xml version="1.0" encoding="UTF-8"?>
<!-- Generated by org.testng.reporters.JUnitReportReporter -->
<testsuite hostname="DESKTOP-DSTB9TI" failures="0" tests="2" name="restfulApiDemo.MultipleRecordCreation" time="1.851" errors="0" timestamp="2021-10-16T17:19:59 MDT" skipped="0">
  <testcase classname="restfulApiDemo.MultipleRecordCreation" name="createBooking" time="1.046"/>
  <system-out/>
  <testcase classname="restfulApiDemo.MultipleRecordCreation" name="updateBooking" time="0.805"/>
  <system-out/>
</testsuite> <!-- restfulApiDemo.MultipleRecordCreation -->
