<?xml version="1.0" encoding="UTF-8"?>
<!-- Generated by org.testng.reporters.JUnitReportReporter -->
<testsuite hostname="DESKTOP-DSTB9TI" failures="0" tests="1" name="restfulApiDemo.DefaultValue2" time="0.777" errors="0" timestamp="2021-10-17T22:29:25 MDT" skipped="0">
  <testcase classname="restfulApiDemo.DefaultValue2" name="createBooking3" time="0.777"/>
  <system-out/>
</testsuite> <!-- restfulApiDemo.DefaultValue2 -->
